2025-10-20T22:46:10.959+05:30  INFO 2288 --- [eazystore] [restartedMain] c.e.eazystore.EazystoreApplication       : Starting EazystoreApplication using Java 24.0.2 with PID 2288 (C:\Users\kittu\Downloads\eazystore (1)\eazystore\target\classes started by KRISHNA in C:\Users\kittu\Downloads\eazystore (1))
2025-10-20T22:46:10.978+05:30  INFO 2288 --- [eazystore] [restartedMain] c.e.eazystore.EazystoreApplication       : No active profile set, falling back to 1 default profile: "default"
2025-10-20T22:46:11.343+05:30  INFO 2288 --- [eazystore] [restartedMain] .e.DevToolsPropertyDefaultsPostProcessor : Devtools property defaults active! Set 'spring.devtools.add-properties' to 'false' to disable
2025-10-20T22:46:11.345+05:30  INFO 2288 --- [eazystore] [restartedMain] .e.DevToolsPropertyDefaultsPostProcessor : For additional web related logging consider setting the 'logging.level.web' property to 'DEBUG'
2025-10-20T22:46:19.141+05:30  INFO 2288 --- [eazystore] [restartedMain] .s.d.r.c.RepositoryConfigurationDelegate : Bootstrapping Spring Data JPA repositories in DEFAULT mode.
2025-10-20T22:46:19.863+05:30  INFO 2288 --- [eazystore] [restartedMain] .s.d.r.c.RepositoryConfigurationDelegate : Finished Spring Data repository scanning in 649 ms. Found 2 JPA repository interfaces.
2025-10-20T22:46:25.409+05:30  INFO 2288 --- [eazystore] [restartedMain] o.s.b.w.embedded.tomcat.TomcatWebServer  : Tomcat initialized with port 1025 (http)
2025-10-20T22:46:25.501+05:30  INFO 2288 --- [eazystore] [restartedMain] o.apache.catalina.core.StandardService   : Starting service [Tomcat]
2025-10-20T22:46:25.503+05:30  INFO 2288 --- [eazystore] [restartedMain] o.apache.catalina.core.StandardEngine    : Starting Servlet engine: [Apache Tomcat/10.1.44]
2025-10-20T22:46:25.784+05:30  INFO 2288 --- [eazystore] [restartedMain] o.a.c.c.C.[Tomcat].[localhost].[/]       : Initializing Spring embedded WebApplicationContext
2025-10-20T22:46:25.786+05:30  INFO 2288 --- [eazystore] [restartedMain] w.s.c.ServletWebServerApplicationContext : Root WebApplicationContext: initialization completed in 14436 ms
2025-10-20T22:46:27.074+05:30  INFO 2288 --- [eazystore] [restartedMain] com.zaxxer.hikari.HikariDataSource       : HikariPool-1 - Starting...
2025-10-20T22:46:30.540+05:30  INFO 2288 --- [eazystore] [restartedMain] com.zaxxer.hikari.pool.HikariPool        : HikariPool-1 - Added connection com.mysql.cj.jdbc.ConnectionImpl@6366306b
2025-10-20T22:46:30.556+05:30  INFO 2288 --- [eazystore] [restartedMain] com.zaxxer.hikari.HikariDataSource       : HikariPool-1 - Start completed.
2025-10-20T22:46:31.295+05:30  INFO 2288 --- [eazystore] [restartedMain] o.hibernate.jpa.internal.util.LogHelper  : HHH000204: Processing PersistenceUnitInfo [name: default]
2025-10-20T22:46:31.735+05:30  INFO 2288 --- [eazystore] [restartedMain] org.hibernate.Version                    : HHH000412: Hibernate ORM core version 6.6.26.Final
2025-10-20T22:46:31.967+05:30  INFO 2288 --- [eazystore] [restartedMain] o.h.c.internal.RegionFactoryInitiator    : HHH000026: Second-level cache disabled
2025-10-20T22:46:33.822+05:30  INFO 2288 --- [eazystore] [restartedMain] o.s.o.j.p.SpringPersistenceUnitInfo      : No LoadTimeWeaver setup: ignoring JPA class transformer
2025-10-20T22:46:34.437+05:30  INFO 2288 --- [eazystore] [restartedMain] org.hibernate.orm.connections.pooling    : HHH10001005: Database info:
	Database JDBC URL [Connecting through datasource 'HikariDataSource (HikariPool-1)']
	Database driver: undefined/unknown
	Database version: 8.0.42
	Autocommit mode: undefined/unknown
	Isolation level: undefined/unknown
	Minimum pool size: undefined/unknown
	Maximum pool size: undefined/unknown
2025-10-20T22:46:39.234+05:30  INFO 2288 --- [eazystore] [restartedMain] o.h.e.t.j.p.i.JtaPlatformInitiator       : HHH000489: No JTA platform available (set 'hibernate.transaction.jta.platform' to enable JTA platform integration)
2025-10-20T22:46:39.262+05:30  INFO 2288 --- [eazystore] [restartedMain] j.LocalContainerEntityManagerFactoryBean : Initialized JPA EntityManagerFactory for persistence unit 'default'
2025-10-20T22:46:40.984+05:30  WARN 2288 --- [eazystore] [restartedMain] JpaBaseConfiguration$JpaWebConfiguration : spring.jpa.open-in-view is enabled by default. Therefore, database queries may be performed during view rendering. Explicitly configure spring.jpa.open-in-view to disable this warning
2025-10-20T22:46:44.562+05:30  INFO 2288 --- [eazystore] [restartedMain] o.s.b.d.a.OptionalLiveReloadServer       : LiveReload server is running on port 35729
2025-10-20T22:46:44.627+05:30  INFO 2288 --- [eazystore] [restartedMain] o.s.b.a.e.web.EndpointLinksResolver      : Exposing 14 endpoints beneath base path '/eazystore/actuator'
2025-10-20T22:46:45.508+05:30  INFO 2288 --- [eazystore] [restartedMain] o.s.b.w.embedded.tomcat.TomcatWebServer  : Tomcat started on port 1025 (http) with context path '/'
2025-10-20T22:46:45.620+05:30  INFO 2288 --- [eazystore] [restartedMain] c.e.eazystore.EazystoreApplication       : Started EazystoreApplication in 38.361 seconds (process running for 42.784)
2025-10-20T22:53:48.883+05:30  INFO 2288 --- [eazystore] [SpringApplicationShutdownHook] o.s.b.w.e.tomcat.GracefulShutdown        : Commencing graceful shutdown. Waiting for active requests to complete
2025-10-20T22:53:48.963+05:30  INFO 2288 --- [eazystore] [tomcat-shutdown] o.s.b.w.e.tomcat.GracefulShutdown        : Graceful shutdown complete
2025-10-20T22:53:49.043+05:30  INFO 2288 --- [eazystore] [SpringApplicationShutdownHook] j.LocalContainerEntityManagerFactoryBean : Closing JPA EntityManagerFactory for persistence unit 'default'
2025-10-20T22:53:49.135+05:30  INFO 2288 --- [eazystore] [SpringApplicationShutdownHook] com.zaxxer.hikari.HikariDataSource       : HikariPool-1 - Shutdown initiated...
2025-10-20T22:53:49.217+05:30  INFO 2288 --- [eazystore] [SpringApplicationShutdownHook] com.zaxxer.hikari.HikariDataSource       : HikariPool-1 - Shutdown completed.
